[debug] [2020-07-28T07:27:36.948Z] ----------------------------------------------------------------------
[debug] [2020-07-28T07:27:36.951Z] Command:       C:\Program Files\nodejs\node.exe C:\Users\thanh\AppData\Roaming\npm\node_modules\firebase-tools\lib\bin\firebase.js serve --only functions,hosting
[debug] [2020-07-28T07:27:36.952Z] CLI Version:   8.6.0
[debug] [2020-07-28T07:27:36.952Z] Platform:      win32
[debug] [2020-07-28T07:27:36.952Z] Node Version:  v10.22.0
[debug] [2020-07-28T07:27:36.952Z] Time:          Tue Jul 28 2020 14:27:36 GMT+0700 (Indochina Time)
[debug] [2020-07-28T07:27:36.953Z] ----------------------------------------------------------------------
[debug] [2020-07-28T07:27:36.953Z] 
[debug] [2020-07-28T07:27:36.967Z] > command requires scopes: ["email","openid","https://www.googleapis.com/auth/cloudplatformprojects.readonly","https://www.googleapis.com/auth/firebase","https://www.googleapis.com/auth/cloud-platform"]
[debug] [2020-07-28T07:27:36.967Z] > authorizing via signed-in user
[debug] [2020-07-28T07:27:36.968Z] [iam] checking project deploy-temp for permissions ["firebase.projects.get"]
[debug] [2020-07-28T07:27:36.972Z] > refreshing access token with scopes: ["email","https://www.googleapis.com/auth/cloud-platform","https://www.googleapis.com/auth/cloudplatformprojects.readonly","https://www.googleapis.com/auth/firebase","openid"]
[debug] [2020-07-28T07:27:36.972Z] >>> HTTP REQUEST POST https://www.googleapis.com/oauth2/v3/token  
 <request body omitted>
[debug] [2020-07-28T07:27:37.240Z] <<< HTTP RESPONSE 200 {"content-type":"application/json; charset=utf-8","vary":"X-Origin, Referer, Origin,Accept-Encoding","date":"Tue, 28 Jul 2020 07:27:36 GMT","server":"scaffolding on HTTPServer2","cache-control":"private","x-xss-protection":"0","x-frame-options":"SAMEORIGIN","x-content-type-options":"nosniff","alt-svc":"h3-29=\":443\"; ma=2592000,h3-27=\":443\"; ma=2592000,h3-T050=\":443\"; ma=2592000,h3-Q050=\":443\"; ma=2592000,h3-Q046=\":443\"; ma=2592000,h3-Q043=\":443\"; ma=2592000,quic=\":443\"; ma=2592000; v=\"46,43\"","accept-ranges":"none","transfer-encoding":"chunked"}
[debug] [2020-07-28T07:27:37.254Z] >>> HTTP REQUEST POST https://cloudresourcemanager.googleapis.com/v1/projects/deploy-temp:testIamPermissions  
 {"permissions":["firebase.projects.get"]}
[debug] [2020-07-28T07:27:38.264Z] <<< HTTP RESPONSE 200 {"content-type":"application/json; charset=UTF-8","vary":"X-Origin, Referer, Origin,Accept-Encoding","date":"Tue, 28 Jul 2020 07:27:37 GMT","server":"ESF","cache-control":"private","x-xss-protection":"0","x-frame-options":"SAMEORIGIN","x-content-type-options":"nosniff","server-timing":"gfet4t7; dur=827","alt-svc":"h3-29=\":443\"; ma=2592000,h3-27=\":443\"; ma=2592000,h3-T050=\":443\"; ma=2592000,h3-Q050=\":443\"; ma=2592000,h3-Q046=\":443\"; ma=2592000,h3-Q043=\":443\"; ma=2592000,quic=\":443\"; ma=2592000; v=\"46,43\"","accept-ranges":"none","transfer-encoding":"chunked"}
[debug] [2020-07-28T07:27:38.267Z] >>> HTTP REQUEST GET https://firebase.googleapis.com/v1beta1/projects/deploy-temp  
 
[debug] [2020-07-28T07:27:38.642Z] <<< HTTP RESPONSE 200 {"content-type":"application/json; charset=UTF-8","vary":"X-Origin, Referer, Origin,Accept-Encoding","date":"Tue, 28 Jul 2020 07:27:38 GMT","server":"ESF","cache-control":"private","x-xss-protection":"0","x-frame-options":"SAMEORIGIN","x-content-type-options":"nosniff","alt-svc":"h3-29=\":443\"; ma=2592000,h3-27=\":443\"; ma=2592000,h3-T050=\":443\"; ma=2592000,h3-Q050=\":443\"; ma=2592000,h3-Q046=\":443\"; ma=2592000,h3-Q043=\":443\"; ma=2592000,quic=\":443\"; ma=2592000; v=\"46,43\"","accept-ranges":"none","transfer-encoding":"chunked"}
[debug] [2020-07-28T07:27:38.654Z] >>> HTTP REQUEST GET https://firebase.googleapis.com/v1beta1/projects/deploy-temp/webApps/-/config  
 
[debug] [2020-07-28T07:27:39.859Z] <<< HTTP RESPONSE 200 {"content-type":"application/json; charset=UTF-8","vary":"X-Origin, Referer, Origin,Accept-Encoding","date":"Tue, 28 Jul 2020 07:27:39 GMT","server":"ESF","cache-control":"private","x-xss-protection":"0","x-frame-options":"SAMEORIGIN","x-content-type-options":"nosniff","alt-svc":"h3-29=\":443\"; ma=2592000,h3-27=\":443\"; ma=2592000,h3-T050=\":443\"; ma=2592000,h3-Q050=\":443\"; ma=2592000,h3-Q046=\":443\"; ma=2592000,h3-Q043=\":443\"; ma=2592000,quic=\":443\"; ma=2592000; v=\"46,43\"","accept-ranges":"none","transfer-encoding":"chunked"}
[info] i  hosting: Serving hosting files from: public {"metadata":{"emulator":{"name":"hosting"},"message":"Serving hosting files from: \u001b[1mpublic\u001b[22m"}}
[info] +  hosting: Local server: http://localhost:5000 {"metadata":{"emulator":{"name":"hosting"},"message":"Local server: \u001b[4m\u001b[1mhttp://localhost:5000\u001b[22m\u001b[24m"}}
[info] +  functions: Using node@10 from host. {"metadata":{"emulator":{"name":"functions"},"message":"Using node@10 from host."}}
[info] i  functions: Watching "D:\ReactJS\web-app-js\functions" for Cloud Functions... {"metadata":{"emulator":{"name":"functions"},"message":"Watching \"D:\\ReactJS\\web-app-js\\functions\" for Cloud Functions..."}}
[debug] [2020-07-28T07:27:40.724Z] [worker-pool] addWorker(~diagnostic~) {"metadata":{"emulator":{"name":"functions"},"message":"[worker-pool] addWorker(~diagnostic~)"}}
[debug] [2020-07-28T07:27:40.724Z] [worker-pool] Adding worker with key ~diagnostic~, total=1 {"metadata":{"emulator":{"name":"functions"},"message":"[worker-pool] Adding worker with key ~diagnostic~, total=1"}}
[debug] [2020-07-28T07:27:40.725Z] [worker-pool] submitWork(triggerId=) {"metadata":{"emulator":{"name":"functions"},"message":"[worker-pool] submitWork(triggerId=)"}}
[debug] [2020-07-28T07:27:40.725Z] [worker-~diagnostic~-d50106d9-4522-4d1e-9a4e-3b3f95c144a1]: Assigning socketPath: \\?\pipe\D:\ReactJS\web-app-js\functions\13864 {"metadata":{"emulator":{"name":"functions"},"message":"[worker-~diagnostic~-d50106d9-4522-4d1e-9a4e-3b3f95c144a1]: Assigning socketPath: \\\\?\\pipe\\D:\\ReactJS\\web-app-js\\functions\\13864"}}
[debug] [2020-07-28T07:27:40.726Z] [worker-~diagnostic~-d50106d9-4522-4d1e-9a4e-3b3f95c144a1]: BUSY {"metadata":{"emulator":{"name":"functions"},"message":"[worker-~diagnostic~-d50106d9-4522-4d1e-9a4e-3b3f95c144a1]: BUSY"}}
[debug] [2020-07-28T07:27:41.238Z] [runtime-status] [13864] Functions runtime initialized. {"cwd":"D:\\ReactJS\\web-app-js\\functions","node_version":"10.22.0"} {"metadata":{"emulator":{"name":"functions"},"message":"[runtime-status] [13864] Functions runtime initialized. {\"cwd\":\"D:\\\\ReactJS\\\\web-app-js\\\\functions\",\"node_version\":\"10.22.0\"}"}}
[debug] [2020-07-28T07:27:41.239Z] [runtime-status] [13864] Disabled runtime features: undefined {"metadata":{"emulator":{"name":"functions"},"message":"[runtime-status] [13864] Disabled runtime features: undefined"}}
[debug] [2020-07-28T07:27:41.243Z] [runtime-status] [13864] Resolved module firebase-admin {"declared":true,"installed":true,"version":"8.13.0","resolution":"D:\\ReactJS\\web-app-js\\functions\\node_modules\\firebase-admin\\lib\\index.js"} {"metadata":{"emulator":{"name":"functions"},"message":"[runtime-status] [13864] Resolved module firebase-admin {\"declared\":true,\"installed\":true,\"version\":\"8.13.0\",\"resolution\":\"D:\\\\ReactJS\\\\web-app-js\\\\functions\\\\node_modules\\\\firebase-admin\\\\lib\\\\index.js\"}"}}
[debug] [2020-07-28T07:27:41.244Z] [runtime-status] [13864] Resolved module firebase-functions {"declared":true,"installed":true,"version":"3.8.0","resolution":"D:\\ReactJS\\web-app-js\\functions\\node_modules\\firebase-functions\\lib\\index.js"} {"metadata":{"emulator":{"name":"functions"},"message":"[runtime-status] [13864] Resolved module firebase-functions {\"declared\":true,\"installed\":true,\"version\":\"3.8.0\",\"resolution\":\"D:\\\\ReactJS\\\\web-app-js\\\\functions\\\\node_modules\\\\firebase-functions\\\\lib\\\\index.js\"}"}}
[debug] [2020-07-28T07:27:41.245Z] [runtime-status] [13864] Resolved module firebase-functions {"declared":true,"installed":true,"version":"3.8.0","resolution":"D:\\ReactJS\\web-app-js\\functions\\node_modules\\firebase-functions\\lib\\index.js"} {"metadata":{"emulator":{"name":"functions"},"message":"[runtime-status] [13864] Resolved module firebase-functions {\"declared\":true,\"installed\":true,\"version\":\"3.8.0\",\"resolution\":\"D:\\\\ReactJS\\\\web-app-js\\\\functions\\\\node_modules\\\\firebase-functions\\\\lib\\\\index.js\"}"}}
[debug] [2020-07-28T07:27:41.250Z] [runtime-status] [13864] Outgoing network have been stubbed. [{"name":"http","status":"mocked"},{"name":"http","status":"mocked"},{"name":"https","status":"mocked"},{"name":"https","status":"mocked"},{"name":"net","status":"mocked"}] {"metadata":{"emulator":{"name":"functions"},"message":"[runtime-status] [13864] Outgoing network have been stubbed. [{\"name\":\"http\",\"status\":\"mocked\"},{\"name\":\"http\",\"status\":\"mocked\"},{\"name\":\"https\",\"status\":\"mocked\"},{\"name\":\"https\",\"status\":\"mocked\"},{\"name\":\"net\",\"status\":\"mocked\"}]"}}
[debug] [2020-07-28T07:27:41.250Z] [runtime-status] [13864] Resolved module firebase-functions {"declared":true,"installed":true,"version":"3.8.0","resolution":"D:\\ReactJS\\web-app-js\\functions\\node_modules\\firebase-functions\\lib\\index.js"} {"metadata":{"emulator":{"name":"functions"},"message":"[runtime-status] [13864] Resolved module firebase-functions {\"declared\":true,\"installed\":true,\"version\":\"3.8.0\",\"resolution\":\"D:\\\\ReactJS\\\\web-app-js\\\\functions\\\\node_modules\\\\firebase-functions\\\\lib\\\\index.js\"}"}}
[debug] [2020-07-28T07:27:41.300Z] [runtime-status] [13864] Checked functions.config() {"config":{}} {"metadata":{"emulator":{"name":"functions"},"message":"[runtime-status] [13864] Checked functions.config() {\"config\":{}}"}}
[debug] [2020-07-28T07:27:41.300Z] [runtime-status] [13864] firebase-functions has been stubbed. {"functionsResolution":{"declared":true,"installed":true,"version":"3.8.0","resolution":"D:\\ReactJS\\web-app-js\\functions\\node_modules\\firebase-functions\\lib\\index.js"}} {"metadata":{"emulator":{"name":"functions"},"message":"[runtime-status] [13864] firebase-functions has been stubbed. {\"functionsResolution\":{\"declared\":true,\"installed\":true,\"version\":\"3.8.0\",\"resolution\":\"D:\\\\ReactJS\\\\web-app-js\\\\functions\\\\node_modules\\\\firebase-functions\\\\lib\\\\index.js\"}}"}}
[debug] [2020-07-28T07:27:41.300Z] [runtime-status] [13864] Resolved module firebase-functions {"declared":true,"installed":true,"version":"3.8.0","resolution":"D:\\ReactJS\\web-app-js\\functions\\node_modules\\firebase-functions\\lib\\index.js"} {"metadata":{"emulator":{"name":"functions"},"message":"[runtime-status] [13864] Resolved module firebase-functions {\"declared\":true,\"installed\":true,\"version\":\"3.8.0\",\"resolution\":\"D:\\\\ReactJS\\\\web-app-js\\\\functions\\\\node_modules\\\\firebase-functions\\\\lib\\\\index.js\"}"}}
[debug] [2020-07-28T07:27:41.301Z] [runtime-status] [13864] Resolved module firebase-admin {"declared":true,"installed":true,"version":"8.13.0","resolution":"D:\\ReactJS\\web-app-js\\functions\\node_modules\\firebase-admin\\lib\\index.js"} {"metadata":{"emulator":{"name":"functions"},"message":"[runtime-status] [13864] Resolved module firebase-admin {\"declared\":true,\"installed\":true,\"version\":\"8.13.0\",\"resolution\":\"D:\\\\ReactJS\\\\web-app-js\\\\functions\\\\node_modules\\\\firebase-admin\\\\lib\\\\index.js\"}"}}
[debug] [2020-07-28T07:27:41.302Z] [runtime-status] [13864] Resolved module firebase-functions {"declared":true,"installed":true,"version":"3.8.0","resolution":"D:\\ReactJS\\web-app-js\\functions\\node_modules\\firebase-functions\\lib\\index.js"} {"metadata":{"emulator":{"name":"functions"},"message":"[runtime-status] [13864] Resolved module firebase-functions {\"declared\":true,\"installed\":true,\"version\":\"3.8.0\",\"resolution\":\"D:\\\\ReactJS\\\\web-app-js\\\\functions\\\\node_modules\\\\firebase-functions\\\\lib\\\\index.js\"}"}}
[debug] [2020-07-28T07:27:41.302Z] [runtime-status] [13864] firebase-admin has been stubbed. {"adminResolution":{"declared":true,"installed":true,"version":"8.13.0","resolution":"D:\\ReactJS\\web-app-js\\functions\\node_modules\\firebase-admin\\lib\\index.js"}} {"metadata":{"emulator":{"name":"functions"},"message":"[runtime-status] [13864] firebase-admin has been stubbed. {\"adminResolution\":{\"declared\":true,\"installed\":true,\"version\":\"8.13.0\",\"resolution\":\"D:\\\\ReactJS\\\\web-app-js\\\\functions\\\\node_modules\\\\firebase-admin\\\\lib\\\\index.js\"}}"}}
[debug] [2020-07-28T07:27:44.387Z] [worker-~diagnostic~-d50106d9-4522-4d1e-9a4e-3b3f95c144a1]: IDLE {"metadata":{"emulator":{"name":"functions"},"message":"[worker-~diagnostic~-d50106d9-4522-4d1e-9a4e-3b3f95c144a1]: IDLE"}}
[info] >  Server is running on 3000 {"user":"Server is running on 3000","metadata":{"emulator":{"name":"functions"},"message":"\u001b[90m> \u001b[39m Server is running on 3000"}}
[info] >  assets/cc229d49ddc9915611c04b2ae514f684.png {"user":"assets/cc229d49ddc9915611c04b2ae514f684.png","metadata":{"emulator":{"name":"functions"},"message":"\u001b[90m> \u001b[39m assets/cc229d49ddc9915611c04b2ae514f684.png"}}
[info] >  assets/1a4fb4fdd7d943999d03aad46f811f35.jpg {"user":"assets/1a4fb4fdd7d943999d03aad46f811f35.jpg","metadata":{"emulator":{"name":"functions"},"message":"\u001b[90m> \u001b[39m assets/1a4fb4fdd7d943999d03aad46f811f35.jpg"}}
[info] >  XXXXX userRates [] {"user":"XXXXX userRates []","metadata":{"emulator":{"name":"functions"},"message":"\u001b[90m> \u001b[39m XXXXX userRates []"}}
[info] >  useMediaQuery isMobile false {"user":"useMediaQuery isMobile false","metadata":{"emulator":{"name":"functions"},"message":"\u001b[90m> \u001b[39m useMediaQuery isMobile false"}}
